<?xml version="1.0" encoding="UTF-8" ?>
<testsuite tests="1" failures="0" name="com.mawujun.leon_repository.AppTest" time="0.002" errors="0" skipped="0">
  <properties>
    <property name="java.runtime.name" value="Java(TM) SE Runtime Environment"/>
    <property name="sun.boot.library.path" value="D:\Program Files (x86)\Java\jdk8\bin"/>
    <property name="java.vm.version" value="25.77-b03"/>
    <property name="java.vm.vendor" value="Oracle Corporation"/>
    <property name="maven.multiModuleProjectDirectory" value="$M2_HOME"/>
    <property name="java.vendor.url" value="http://java.oracle.com/"/>
    <property name="path.separator" value=";"/>
    <property name="guice.disable.misplaced.annotation.check" value="true"/>
    <property name="java.vm.name" value="Java HotSpot(TM) Client VM"/>
    <property name="file.encoding.pkg" value="sun.io"/>
    <property name="user.script" value=""/>
    <property name="user.country" value="CN"/>
    <property name="sun.java.launcher" value="SUN_STANDARD"/>
    <property name="sun.os.patch.level" value="Service Pack 1"/>
    <property name="java.vm.specification.name" value="Java Virtual Machine Specification"/>
    <property name="user.dir" value="E:\eclipse\workspace\leon-module"/>
    <property name="java.runtime.version" value="1.8.0_77-b03"/>
    <property name="java.awt.graphicsenv" value="sun.awt.Win32GraphicsEnvironment"/>
    <property name="java.endorsed.dirs" value="D:\Program Files (x86)\Java\jdk8\lib\endorsed"/>
    <property name="os.arch" value="x86"/>
    <property name="java.io.tmpdir" value="C:\Users\mawujun\AppData\Local\Temp\"/>
    <property name="line.separator" value="
"/>
    <property name="java.vm.specification.vendor" value="Oracle Corporation"/>
    <property name="user.variant" value=""/>
    <property name="os.name" value="Windows 7"/>
    <property name="classworlds.conf" value="E:\eclipse\workspace\.metadata\.plugins\org.eclipse.m2e.launching\launches\m2conf2104792235016386418.tmp"/>
    <property name="sun.jnu.encoding" value="GBK"/>
    <property name="java.library.path" value="D:\Program Files (x86)\Java\jdk8\bin;C:\Windows\Sun\Java\bin;C:\Windows\system32;C:\Windows;C:\ProgramData\Oracle\Java\javapath;D:\apache-ant-1.9.4\BIN;d:\adt-bundle-windows-x86-20140702\sdk\tools;d:\adt-bundle-windows-x86-20140702\sdk\platform-tools;d:\Program Files (x86)\Java\jdk1.7.0_51\\bin;D:\app\mawujun\product\11.2.0\client_1;D:\app\mawujun\product\11.2.0\dbhome_1\bin;C:\Windows\system32;C:\Windows;C:\Windows\System32\Wbem;C:\Windows\System32\WindowsPowerShell\v1.0\;D:\Program Files\nodejs\;D:\Program Files\TortoiseSVN\binFiles\TortoiseSVN\bin;D:\mysql-5.7.9-winx64\bin;C:\Program Files (x86)\Skype\Phone\;C:\Users\mawujun\AppData\Roaming\npm;D:\搜狐影音\5.0.1.75;."/>
    <property name="java.specification.name" value="Java Platform API Specification"/>
    <property name="java.class.version" value="52.0"/>
    <property name="sun.management.compiler" value="HotSpot Client Compiler"/>
    <property name="os.version" value="6.1"/>
    <property name="user.home" value="C:\Users\mawujun"/>
    <property name="user.timezone" value="Asia/Shanghai"/>
    <property name="java.awt.printerjob" value="sun.awt.windows.WPrinterJob"/>
    <property name="java.specification.version" value="1.8"/>
    <property name="file.encoding" value="UTF-8"/>
    <property name="user.name" value="mawujun"/>
    <property name="java.class.path" value="D:\apache-maven\apache-maven-3.3.3\boot\plexus-classworlds-2.5.2.jar"/>
    <property name="java.vm.specification.version" value="1.8"/>
    <property name="sun.arch.data.model" value="32"/>
    <property name="java.home" value="D:\Program Files (x86)\Java\jdk8"/>
    <property name="sun.java.command" value="org.codehaus.classworlds.Launcher -B -s D:\apache-maven\apache-maven-3.3.3\conf\settings.xml install"/>
    <property name="java.specification.vendor" value="Oracle Corporation"/>
    <property name="user.language" value="zh"/>
    <property name="awt.toolkit" value="sun.awt.windows.WToolkit"/>
    <property name="java.vm.info" value="mixed mode"/>
    <property name="java.version" value="1.8.0_77"/>
    <property name="java.ext.dirs" value="D:\Program Files (x86)\Java\jdk8\lib\ext;C:\Windows\Sun\Java\lib\ext"/>
    <property name="sun.boot.class.path" value="D:\Program Files (x86)\Java\jdk8\lib\resources.jar;D:\Program Files (x86)\Java\jdk8\lib\rt.jar;D:\Program Files (x86)\Java\jdk8\lib\sunrsasign.jar;D:\Program Files (x86)\Java\jdk8\lib\jsse.jar;D:\Program Files (x86)\Java\jdk8\lib\jce.jar;D:\Program Files (x86)\Java\jdk8\lib\charsets.jar;D:\Program Files (x86)\Java\jdk8\lib\jfr.jar;D:\Program Files (x86)\Java\jdk8\classes"/>
    <property name="java.vendor" value="Oracle Corporation"/>
    <property name="maven.home" value="D:\apache-maven\apache-maven-3.3.3"/>
    <property name="file.separator" value="\"/>
    <property name="java.vendor.url.bug" value="http://bugreport.sun.com/bugreport/"/>
    <property name="maven.bootclasspath" value="D:\apache-maven\apache-maven-3.3.3\boot\plexus-classworlds-2.5.2.jar"/>
    <property name="sun.cpu.endian" value="little"/>
    <property name="sun.io.unicode.encoding" value="UnicodeLittle"/>
    <property name="sun.desktop" value="windows"/>
    <property name="sun.cpu.isalist" value="pentium_pro+mmx pentium_pro pentium+mmx pentium i486 i386 i86"/>
  </properties>
  <testcase classname="com.mawujun.leon_repository.AppTest" name="testApp" time="0.002"/>
</testsuite>